2026-01-13 20:12:37 [INFO] User admin created activity 20 in column En cours.
2026-01-13 20:12:43 [INFO] User admin updated activity 20.
2026-01-13 20:12:46 [INFO] User admin updated activity 20.
2026-01-13 20:12:53 [INFO] User admin added traitement 43 to scelle 26.
2026-01-13 20:12:58 [INFO] User admin added tache 42 to scelle 26.
2026-01-13 20:14:23 [INFO] User admin deleted activity 20.
2026-01-13 20:20:30 [INFO] User admin created activity 20 ('Nouvelle Activité') in column En cours.
2026-01-13 20:20:37 [INFO] User admin updated activity 20 ('Test log 2').
2026-01-13 20:20:39 [INFO] User admin updated activity 20 ('Test log 2').
2026-01-13 20:20:45 [INFO] User admin updated activity 20 ('Test log 2').
2026-01-13 20:20:46 [INFO] User admin updated activity 20 ('Test log 2').
2026-01-13 20:20:54 [INFO] User admin updated scelle 26 ('SC Log') in activity 'Test log 2' .
2026-01-13 20:21:02 [INFO] User admin added traitement 44 ('IMAGE') to scelle 26 ('SC Log').
2026-01-13 20:21:06 [INFO] User admin deleted traitement 44 ('IMAGE') from scelle 'SC Log'.
2026-01-13 20:21:13 [INFO] User admin added tache 43 ('Photos') to scelle 26 ('SC Log').
2026-01-13 20:21:16 [INFO] User admin deleted tache 42 ('Photos') from scelle 'SC Log'.
2026-01-13 20:21:20 [INFO] User admin added tache 45 ('ENCASE') to scelle 26 ('SC Log').
2026-01-13 20:21:34 [INFO] User admin deleted tache 45 ('ENCASE') from scelle 'SC Log'.
2026-01-13 20:22:29 [INFO] User admin added tache 46 ('Pending Task') to scelle 26 ('SC Log').
2026-01-13 20:24:31 [INFO] User admin deleted activity 20 ('Test log 2').
2026-01-13 20:24:32 [INFO] User admin created activity 20 ('Nouvelle Activité') in column En cours.
2026-01-13 20:24:40 [INFO] User admin updated activity 20 ('Test log 3').
2026-01-13 20:24:42 [INFO] User admin updated scelle 26 ('Nouveau Scellé') in activity 'Test log 3' .
2026-01-13 20:24:43 [INFO] User admin updated scelle 26 ('Nouveau Scellé') in activity 'Test log 3' .
2026-01-13 20:24:46 [INFO] User admin added traitement 43 ('IMAGE') to scelle 26 ('Nouveau Scellé').
2026-01-13 20:24:50 [INFO] User admin added tache 42 ('Encase') to scelle 26 ('Nouveau Scellé').
2026-01-13 20:24:56 [INFO] User admin added tache 43 ('Photos') to scelle 26 ('Nouveau Scellé').
2026-01-13 20:24:59 [INFO] User admin deleted tache 42 ('Encase') from scelle 'Nouveau Scellé'.
2026-01-13 20:25:27 [INFO] User admin deleted activity 20 ('Test log 3').
2026-01-14 22:13:34 [INFO] User admin added tag #Important from activity 7 ('Test important').
2026-01-14 22:13:43 [INFO] User admin updated scelle 11 ('un') in activity 'Test important' .
2026-01-14 22:41:53 [INFO] User admin moved activity 7 ('Test important') to column Terminé.
2026-01-14 22:41:57 [INFO] User admin moved activity 7 ('Test important') to column En cours.
2026-01-15 05:39:25 [INFO] User admin created activity 20 ('Nouvelle Activité') in column En cours.
2026-01-15 06:43:19 [INFO] User admin added tag #Infos from activity 7 ('Test important').
2026-01-15 06:43:21 [INFO] User admin removed tag #Infos from activity 7 ('Test important').
2026-01-15 06:43:30 [INFO] User admin updated scelle 26 ('Nouveau Scellé 2') in activity 'Test important' .
2026-01-15 06:43:30 [INFO] User admin updated scelle 26 ('Nouveau Scellé 2') in activity 'Test important' .
2026-01-15 06:43:30 [INFO] User admin updated scelle 26 ('Nouveau Scellé 2') in activity 'Test important' .
2026-01-15 06:43:35 [INFO] User admin updated scelle 26 ('Nouveau Scellé 2') in activity 'Test important' .
2026-01-15 06:43:40 [INFO] User admin added traitement 43 ('Axiom') to scelle 26 ('Nouveau Scellé 2').
2026-01-15 06:43:46 [INFO] User admin added tache 42 ('Photos') to scelle 26 ('Nouveau Scellé 2').
2026-01-15 06:43:54 [INFO] User admin updated activity 7 ('Test important').
2026-01-15 06:43:56 [INFO] User admin updated activity 7 ('Test important').
2026-01-15 06:44:00 [INFO] User admin updated activity 7 ('Test important').
2026-01-15 06:44:05 [INFO] User admin updated activity 7 ('Test important').
2026-01-15 06:45:10 [INFO] User admin created activity 21 ('Nouvelle Activité') in column En cours.
2026-01-15 06:45:15 [INFO] User admin updated activity 21 ('Nouvelle Activité 3').
2026-01-15 06:45:17 [INFO] User admin updated activity 21 ('Nouvelle Activité 3').
2026-01-15 06:45:19 [INFO] User admin added tag #test from activity 21 ('Nouvelle Activité 3').
2026-01-15 06:45:23 [INFO] User admin updated activity 21 ('Nouvelle Activité 3').
2026-01-15 06:45:26 [INFO] User admin updated scelle 27 ('Nouveau Scellé') in activity 'Nouvelle Activité 3' .
2026-01-15 06:45:29 [INFO] User admin added traitement 44 ('IMAGE') to scelle 27 ('Nouveau Scellé').
2026-01-15 06:45:34 [INFO] User admin added tache 43 ('ENCASE') to scelle 27 ('Nouveau Scellé').
2026-01-15 06:45:42 [INFO] User admin moved activity 21 ('Nouvelle Activité 3') to column Terminé.
2026-01-15 06:45:46 [INFO] User admin moved activity 21 ('Nouvelle Activité 3') to column En cours.
2026-01-15 06:45:53 [INFO] User admin updated activity 21 ('Nouvelle Activité 3').
2026-01-29 19:41:02 [INFO] User admin created activity 22 ('Nouvelle Activité') in column En cours.
2026-01-29 19:41:17 [INFO] User admin updated activity 22 ('Test bcp traitements & tâches').
2026-01-29 19:41:28 [INFO] User admin updated scelle 28 ('1') in activity 'Test bcp traitements & tâches' .
2026-01-29 19:41:32 [INFO] User admin added traitement 45 ('Axiom') to scelle 28 ('1').
2026-01-29 19:41:37 [INFO] User admin added traitement 46 ('2') to scelle 28 ('1').
2026-01-29 19:41:41 [INFO] User admin added traitement 47 ('IMAGE') to scelle 28 ('1').
2026-01-29 19:41:47 [INFO] User admin added traitement 48 ('Traitement done TODAY') to scelle 28 ('1').
2026-01-29 19:41:52 [INFO] User admin added traitement 49 ('XRY') to scelle 28 ('1').
2026-01-29 19:41:58 [INFO] User admin added tache 44 ('2') to scelle 28 ('1').
2026-01-29 19:42:02 [INFO] User admin added tache 45 ('3') to scelle 28 ('1').
2026-01-29 19:42:07 [INFO] User admin added tache 46 ('ENCASE') to scelle 28 ('1').
2026-01-29 19:42:12 [INFO] User admin added tache 47 ('Encase') to scelle 28 ('1').
2026-01-29 19:42:18 [INFO] User admin added tache 48 ('Pending Task') to scelle 28 ('1').
2026-01-29 19:42:23 [INFO] User admin added tache 49 ('Photos') to scelle 28 ('1').
2026-01-29 19:42:32 [INFO] User admin added tache 50 ('Tache done TODAY') to scelle 28 ('1').
2026-01-29 19:42:39 [INFO] User admin added tache 51 ('Tri Encase') to scelle 28 ('1').
2026-01-29 19:42:43 [INFO] User admin added tache 52 ('Tri excels') to scelle 28 ('1').
2026-01-29 19:42:50 [INFO] User admin added tache 53 ('Tri xways') to scelle 28 ('1').
2026-01-29 20:39:21 [INFO] User admin toggled traitement 49 ('XRY') on scelle '1' (done=True).
2026-01-29 20:39:23 [INFO] User admin toggled tache 47 ('Encase') on scelle '1' (done=True).
2026-01-29 20:39:23 [INFO] User admin toggled tache 48 ('Pending Task') on scelle '1' (done=True).
2026-01-29 20:39:33 [INFO] User admin moved activity 22 ('Test bcp traitements & tâches') to column Terminé.
2026-01-29 20:39:43 [INFO] User admin moved activity 22 ('Test bcp traitements & tâches') to column En cours.
2026-01-29 20:40:24 [INFO] User admin created activity 23 ('Nouvelle Activité') in column En cours.
2026-01-29 20:40:33 [INFO] User admin updated activity 23 ('Encore un test').
2026-01-29 20:40:38 [INFO] User admin added traitement 50 ('2') to scelle 29 ('Nouveau Scellé').
2026-01-29 20:40:42 [INFO] User admin added tache 54 ('3') to scelle 29 ('Nouveau Scellé').
